<?xml version="1.0" encoding="UTF-8"?>
<!-- Generated by org.testng.reporters.JUnitReportReporter -->
<testsuite hostname="PE-HO-339" failures="0" tests="1" name="com.demoautomatizacion.test.RolesTest" time="111.578" errors="0" timestamp="2022-05-31T11:44:17 COT" skipped="0">
  <testcase classname="com.demoautomatizacion.test.RolesTest" name="crearRol" time="111.578"/>
  <system-out/>
</testsuite> <!-- com.demoautomatizacion.test.RolesTest -->
