<?xml version="1.0" encoding="UTF-8"?>
<!-- Generated by org.testng.reporters.JUnitReportReporter -->
<testsuite hostname="PE-HO-365" failures="0" tests="1" name="com.demoautomatizacion.test.LiberacionMercanciaTest" time="77.942" errors="0" timestamp="06 sep. 2021 20:24:20 GMT" skipped="0">
  <testcase classname="com.demoautomatizacion.test.LiberacionMercanciaTest" name="b50" time="77.942"/>
</testsuite> <!-- com.demoautomatizacion.test.LiberacionMercanciaTest -->
