<?xml version="1.0" encoding="UTF-8"?>
<!-- Generated by org.testng.reporters.JUnitReportReporter -->
<testsuite hostname="PE-HO-339" failures="0" tests="1" name="com.demoautomatizacion.test.TiposMercanciaTest" time="145.260" errors="0" timestamp="2022-05-31T16:02:31 COT" skipped="0">
  <testcase classname="com.demoautomatizacion.test.TiposMercanciaTest" name="TipoMercancia" time="145.260"/>
  <system-out/>
</testsuite> <!-- com.demoautomatizacion.test.TiposMercanciaTest -->
