<?xml version="1.0" encoding="UTF-8"?>
<!-- Generated by org.testng.reporters.JUnitReportReporter -->
<testsuite hostname="PE-HO-275" failures="0" tests="1" name="com.demoautomatizacion.test.GenerarReporteTest" time="94.859" errors="0" timestamp="2022-07-29T11:29:07 COT" skipped="0">
  <testcase classname="com.demoautomatizacion.test.GenerarReporteTest" name="generarReporte" time="94.859"/>
  <system-out/>
</testsuite> <!-- com.demoautomatizacion.test.GenerarReporteTest -->
