<?xml version="1.0" encoding="UTF-8"?>
<!-- Generated by org.testng.reporters.JUnitReportReporter -->
<testsuite hostname="PE-HO-339" failures="0" tests="1" name="com.bodegas.test.Bodegas1" time="89.224" errors="0" timestamp="2022-05-23T17:20:55 COT" skipped="0">
  <testcase classname="com.bodegas.test.Bodegas1" name="AlmavivaBodegas1" time="89.224"/>
  <system-out/>
</testsuite> <!-- com.bodegas.test.Bodegas1 -->
