<?xml version="1.0" encoding="UTF-8"?>
<!-- Generated by org.testng.reporters.JUnitReportReporter -->
<testsuite hostname="PE-HO-275" failures="0" tests="1" name="com.bodegas.test.Bodegas" time="93.482" errors="0" timestamp="2022-09-17T21:50:59 COT" skipped="0">
  <testcase classname="com.bodegas.test.Bodegas" name="AlmavivaBodegasScav" time="93.482"/>
  <system-out/>
</testsuite> <!-- com.bodegas.test.Bodegas -->
