<?xml version="1.0" encoding="UTF-8"?>
<!-- Generated by org.testng.reporters.JUnitReportReporter -->
<testsuite hostname="PE-HO-275" failures="0" tests="1" name="com.demoautomatizacion.test.ExpedirTest" time="52.393" errors="0" timestamp="2022-09-22T11:03:46 COT" skipped="0">
  <testcase classname="com.demoautomatizacion.test.ExpedirTest" name="verExpedir" time="52.393"/>
  <system-out/>
</testsuite> <!-- com.demoautomatizacion.test.ExpedirTest -->
