<?xml version="1.0" encoding="UTF-8"?>
<!-- Generated by org.testng.reporters.JUnitReportReporter -->
<testsuite hostname="PE-HO-111" failures="0" tests="1" name="com.demoautomatizacion.test.ExpedirTituloTest" time="137.797" errors="0" timestamp="19 ago. 2021 14:59:49 GMT" skipped="0">
  <testcase classname="com.demoautomatizacion.test.ExpedirTituloTest" name="b187" time="137.797"/>
</testsuite> <!-- com.demoautomatizacion.test.ExpedirTituloTest -->
