<?xml version="1.0" encoding="UTF-8"?>
<!-- Generated by org.testng.reporters.JUnitReportReporter -->
<testsuite hostname="PE-HO-365" failures="0" tests="1" name="com.demoautomatizacion.test.CRVisitasTest" time="88.858" errors="0" timestamp="05 oct. 2021 16:53:45 GMT" skipped="0">
  <testcase classname="com.demoautomatizacion.test.CRVisitasTest" name="b33" time="88.858"/>
</testsuite> <!-- com.demoautomatizacion.test.CRVisitasTest -->
