<?xml version="1.0" encoding="UTF-8"?>
<!-- Generated by org.testng.reporters.JUnitReportReporter -->
<testsuite hostname="PE-HO-106" failures="0" tests="1" name="com.demoautomatizacion.test.ConvenioTest" time="107.683" errors="0" timestamp="12 jun. 2021 02:02:43 GMT" skipped="0">
  <testcase classname="com.demoautomatizacion.test.ConvenioTest" name="a71" time="107.683"/>
</testsuite> <!-- com.demoautomatizacion.test.ConvenioTest -->
