<?xml version="1.0" encoding="UTF-8"?>
<!-- Generated by org.testng.reporters.JUnitReportReporter -->
<testsuite hostname="PE-HO-275" failures="0" tests="2" name="com.demoautomatizacion.test.GenerarReporteTest" time="148.340" errors="0" timestamp="2022-09-27T14:17:24 COT" skipped="0">
  <testcase classname="com.demoautomatizacion.test.GenerarReporteTest" name="generarReporte" time="69.088"/>
  <system-out/>
  <testcase classname="com.demoautomatizacion.test.GenerarReporteTest" name="generarReporte2" time="79.252"/>
  <system-out/>
</testsuite> <!-- com.demoautomatizacion.test.GenerarReporteTest -->
