<?xml version="1.0" encoding="UTF-8"?>
<!-- Generated by org.testng.reporters.JUnitReportReporter -->
<testsuite hostname="PE-HO-275" failures="0" tests="2" name="com.demoautomatizacion.test.GenerarReporteTest" time="156.112" errors="0" timestamp="2022-11-03T12:20:12 COT" skipped="0">
  <testcase classname="com.demoautomatizacion.test.GenerarReporteTest" name="generarReporte2" time="62.257"/>
  <system-out/>
  <testcase classname="com.demoautomatizacion.test.GenerarReporteTest" name="generarReporte" time="93.855"/>
  <system-out/>
</testsuite> <!-- com.demoautomatizacion.test.GenerarReporteTest -->
