<?xml version="1.0" encoding="UTF-8"?>
<!-- Generated by org.testng.reporters.JUnitReportReporter -->
<testsuite hostname="PE-HO-275" failures="0" tests="1" name="com.demoautomatizacion.test.GestionTest" time="131.380" errors="0" timestamp="2022-07-27T10:50:06 COT" skipped="0">
  <testcase classname="com.demoautomatizacion.test.GestionTest" name="modificarCliente" time="131.380"/>
  <system-out/>
</testsuite> <!-- com.demoautomatizacion.test.GestionTest -->
