<?xml version="1.0" encoding="UTF-8"?>
<!-- Generated by org.testng.reporters.JUnitReportReporter -->
<testsuite hostname="PE-HO-274" failures="0" tests="1" name="com.demoautomatizacion.test.UsuariosTest" time="72.486" errors="0" timestamp="2022-08-04T14:33:27 COT" skipped="0">
  <testcase classname="com.demoautomatizacion.test.UsuariosTest" name="verUsuario" time="72.486"/>
  <system-out/>
</testsuite> <!-- com.demoautomatizacion.test.UsuariosTest -->
