<?xml version="1.0" encoding="UTF-8"?>
<!-- Generated by org.testng.reporters.JUnitReportReporter -->
<testsuite hostname="PE-HO-275" failures="0" tests="1" name="com.demoautomatizacion.test.ExpedirTest" time="123.879" errors="0" timestamp="2022-07-29T12:17:29 COT" skipped="0">
  <testcase classname="com.demoautomatizacion.test.ExpedirTest" name="ValidacionCancelado" time="123.879"/>
  <system-out/>
</testsuite> <!-- com.demoautomatizacion.test.ExpedirTest -->
