<?xml version="1.0" encoding="UTF-8"?>
<!-- Generated by org.testng.reporters.JUnitReportReporter -->
<testsuite hostname="PE-HO-365" failures="0" tests="1" name="com.demoautomatizacion.test.NotificacionesTest" time="129.140" errors="0" timestamp="24 sep. 2021 21:34:32 GMT" skipped="0">
  <testcase classname="com.demoautomatizacion.test.NotificacionesTest" name="b51" time="129.140"/>
</testsuite> <!-- com.demoautomatizacion.test.NotificacionesTest -->
