<?xml version="1.0" encoding="UTF-8"?>
<!-- Generated by org.testng.reporters.JUnitReportReporter -->
<testsuite hostname="PE-HO-275" failures="0" tests="1" name="com.demoautomatizacion.test.Convenios" time="226.356" errors="0" timestamp="2022-09-15T15:33:02 COT" skipped="0">
  <testcase classname="com.demoautomatizacion.test.Convenios" name="Ejecucion" time="226.356"/>
  <system-out/>
</testsuite> <!-- com.demoautomatizacion.test.Convenios -->
