<?xml version="1.0" encoding="UTF-8"?>
<!-- Generated by org.testng.reporters.JUnitReportReporter -->
<testsuite hostname="PE-HO-275" failures="0" tests="1" name="com.demoautomatizacion.test.ProrrogasTest" time="71.925" errors="0" timestamp="2022-07-07T10:45:22 COT" skipped="0">
  <testcase classname="com.demoautomatizacion.test.ProrrogasTest" name="AlmavivaProrrogas" time="71.925"/>
  <system-out/>
</testsuite> <!-- com.demoautomatizacion.test.ProrrogasTest -->
