<?xml version="1.0" encoding="UTF-8"?>
<!-- Generated by org.testng.reporters.JUnitReportReporter -->
<testsuite hostname="PE-HO-275" failures="0" tests="1" name="com.demoautomatizacion.test.ExpedirTest" time="140.749" errors="0" timestamp="2022-09-23T15:41:56 COT" skipped="0">
  <testcase classname="com.demoautomatizacion.test.ExpedirTest" name="ValidacionLiberadoScav" time="140.749"/>
  <system-out/>
</testsuite> <!-- com.demoautomatizacion.test.ExpedirTest -->
