<?xml version="1.0" encoding="UTF-8"?>
<!-- Generated by org.testng.reporters.JUnitReportReporter -->
<testsuite hostname="PE-HO-339" failures="0" tests="1" name="com.demoautomatizacion.test.UsuariosTest" time="84.422" errors="0" timestamp="2022-06-01T12:00:58 COT" skipped="0">
  <testcase classname="com.demoautomatizacion.test.UsuariosTest" name="consultarUsuario" time="84.422"/>
  <system-out/>
</testsuite> <!-- com.demoautomatizacion.test.UsuariosTest -->
