<?xml version="1.0" encoding="UTF-8"?>
<!-- Generated by org.testng.reporters.JUnitReportReporter -->
<testsuite hostname="PE-HO-339" failures="0" tests="1" name="com.demoautomatizacion.test.LogAuditoriaTest" time="130.774" errors="0" timestamp="2022-05-31T08:58:33 COT" skipped="0">
  <testcase classname="com.demoautomatizacion.test.LogAuditoriaTest" name="filtroFechasLog" time="130.774"/>
  <system-out/>
</testsuite> <!-- com.demoautomatizacion.test.LogAuditoriaTest -->
