<?xml version="1.0" encoding="UTF-8"?>
<!-- Generated by org.testng.reporters.JUnitReportReporter -->
<testsuite hostname="PE-HO-339" failures="0" tests="1" name="com.demoautomatizacion.test.AnularTituloTest" time="95.573" errors="0" timestamp="2022-06-08T15:57:20 COT" skipped="0">
  <testcase classname="com.demoautomatizacion.test.AnularTituloTest" name="crearExpedir" time="95.573"/>
  <system-out/>
</testsuite> <!-- com.demoautomatizacion.test.AnularTituloTest -->
