<?xml version="1.0" encoding="UTF-8"?>
<!-- Generated by org.testng.reporters.JUnitReportReporter -->
<testsuite hostname="PE-HO-339" failures="0" tests="1" name="com.demoautomatizacion.test.LoginTest" time="73.136" errors="0" timestamp="2022-05-26T11:02:14 COT" skipped="0">
  <testcase classname="com.demoautomatizacion.test.LoginTest" name="ingresarPortalAlmaviva" time="73.136"/>
  <system-out/>
</testsuite> <!-- com.demoautomatizacion.test.LoginTest -->
