<?xml version="1.0" encoding="UTF-8"?>
<!-- Generated by org.testng.reporters.JUnitReportReporter -->
<testsuite hostname="PE-HO-365" failures="0" tests="1" name="com.demoautomatizacion.test.ImpresionTituloTest" time="152.430" errors="0" timestamp="15 sep. 2021 21:48:30 GMT" skipped="0">
  <testcase classname="com.demoautomatizacion.test.ImpresionTituloTest" name="b20" time="152.430"/>
</testsuite> <!-- com.demoautomatizacion.test.ImpresionTituloTest -->
