<?xml version="1.0" encoding="UTF-8"?>
<!-- Generated by org.testng.reporters.JUnitReportReporter -->
<testsuite hostname="PE-HO-274" failures="0" tests="1" name="com.demoautomatizacion.test.ExpedirTest" time="142.899" errors="0" timestamp="2022-08-09T09:12:31 COT" skipped="0">
  <testcase classname="com.demoautomatizacion.test.ExpedirTest" name="LpnDtlnum1" time="142.899"/>
  <system-out/>
</testsuite> <!-- com.demoautomatizacion.test.ExpedirTest -->
