<?xml version="1.0" encoding="UTF-8"?>
<!-- Generated by org.testng.reporters.JUnitReportReporter -->
<testsuite hostname="PE-HO-339" failures="0" tests="1" name="com.demoautomatizacion.test.PerfilesTest" time="87.112" errors="0" timestamp="2022-05-31T11:32:23 COT" skipped="0">
  <testcase classname="com.demoautomatizacion.test.PerfilesTest" name="consultarUsuario" time="87.112"/>
  <system-out/>
</testsuite> <!-- com.demoautomatizacion.test.PerfilesTest -->
