<?xml version="1.0" encoding="UTF-8"?>
<!-- Generated by org.testng.reporters.JUnitReportReporter -->
<testsuite hostname="PE-HO-339" failures="0" tests="1" name="com.demoautomatizacion.test.CupoTest" time="196.242" errors="0" timestamp="2022-06-02T15:00:49 COT" skipped="0">
  <testcase classname="com.demoautomatizacion.test.CupoTest" name="verCupo" time="196.242"/>
  <system-out/>
</testsuite> <!-- com.demoautomatizacion.test.CupoTest -->
